# JRE version: Java(TM) SE Runtime Environment (8.0_144-b01) (build 1.8.0_144-b01)
# Java VM: Java HotSpot(TM) Client VM (25.144-b01 mixed mode windows-x86 )
Heap:
 def new generation   total 157248K, used 157247K [0x06a00000, 0x114a0000, 0x114a0000)
  eden space 139776K, 100% used [0x06a00000, 0x0f280000, 0x0f280000)
  from space 17472K,  99% used [0x10390000, 0x1149ff30, 0x114a0000)
  to   space 17472K,   0% used [0x0f280000, 0x0f280000, 0x10390000)
 tenured generation   total 349568K, used 349568K [0x114a0000, 0x26a00000, 0x26a00000)
   the space 349568K, 100% used [0x114a0000, 0x26a00000, 0x26a00000, 0x26a00000)
 Metaspace       used 19182K, capacity 19618K, committed 19840K, reserved 19840K
GC Heap History (10 events):
Event: 2565.033 GC heap before
{Heap before GC invocations=159 (full 97):
 def new generation   total 157248K, used 157247K [0x06a00000, 0x114a0000, 0x114a0000)
  eden space 139776K, 100% used [0x06a00000, 0x0f280000, 0x0f280000)
  from space 17472K,  99% used [0x10390000, 0x1149ff90, 0x114a0000)
  to   space 17472K,   0% used [0x0f280000, 0x0f280000, 0x10390000)
 tenured generation   total 349568K, used 349568K [0x114a0000, 0x26a00000, 0x26a00000)
   the space 349568K, 100% used [0x114a0000, 0x26a00000, 0x26a00000, 0x26a00000)
 Metaspace       used 19182K, capacity 19618K, committed 19840K, reserved 19840K
Event: 2566.412 GC heap after
Heap after GC invocations=160 (full 98):
 def new generation   total 157248K, used 157241K [0x06a00000, 0x114a0000, 0x114a0000)
  eden space 139776K,  99% used [0x06a00000, 0x0f27eaf0, 0x0f280000)
  from space 17472K,  99% used [0x10390000, 0x1149fc60, 0x114a0000)
  to   space 17472K,   0% used [0x0f280000, 0x0f280000, 0x10390000)
 tenured generation   total 349568K, used 349568K [0x114a0000, 0x26a00000, 0x26a00000)
   the space 349568K, 100% used [0x114a0000, 0x26a00000, 0x26a00000, 0x26a00000)
 Metaspace       used 19182K, capacity 19618K, committed 19840K, reserved 19840K
}
Event: 2566.412 GC heap before
{Heap before GC invocations=160 (full 98):
 def new generation   total 157248K, used 157247K [0x06a00000, 0x114a0000, 0x114a0000)
  eden space 139776K, 100% used [0x06a00000, 0x0f280000, 0x0f280000)
  from space 17472K,  99% used [0x10390000, 0x1149ffb8, 0x114a0000)
  to   space 17472K,   0% used [0x0f280000, 0x0f280000, 0x10390000)
 tenured generation   total 349568K, used 349568K [0x114a0000, 0x26a00000, 0x26a00000)
   the space 349568K, 100% used [0x114a0000, 0x26a00000, 0x26a00000, 0x26a00000)
 Metaspace       used 19182K, capacity 19618K, committed 19840K, reserved 19840K
Event: 2567.775 GC heap after
Heap after GC invocations=161 (full 99):
 def new generation   total 157248K, used 157243K [0x06a00000, 0x114a0000, 0x114a0000)
  eden space 139776K,  99% used [0x06a00000, 0x0f27f068, 0x0f280000)
  from space 17472K,  99% used [0x10390000, 0x1149fc88, 0x114a0000)
  to   space 17472K,   0% used [0x0f280000, 0x0f280000, 0x10390000)
 tenured generation   total 349568K, used 349568K [0x114a0000, 0x26a00000, 0x26a00000)
   the space 349568K, 100% used [0x114a0000, 0x26a00000, 0x26a00000, 0x26a00000)
 Metaspace       used 19182K, capacity 19618K, committed 19840K, reserved 19840K
}
Event: 2567.776 GC heap before
{Heap before GC invocations=161 (full 99):
 def new generation   total 157248K, used 157247K [0x06a00000, 0x114a0000, 0x114a0000)
  eden space 139776K, 100% used [0x06a00000, 0x0f280000, 0x0f280000)
  from space 17472K,  99% used [0x10390000, 0x1149fff0, 0x114a0000)
  to   space 17472K,   0% used [0x0f280000, 0x0f280000, 0x10390000)
 tenured generation   total 349568K, used 349568K [0x114a0000, 0x26a00000, 0x26a00000)
   the space 349568K, 100% used [0x114a0000, 0x26a00000, 0x26a00000, 0x26a00000)
 Metaspace       used 19182K, capacity 19618K, committed 19840K, reserved 19840K
Event: 2569.146 GC heap after
Heap after GC invocations=162 (full 100):
 def new generation   total 157248K, used 157227K [0x06a00000, 0x114a0000, 0x114a0000)
  eden space 139776K,  99% used [0x06a00000, 0x0f27b030, 0x0f280000)
  from space 17472K,  99% used [0x10390000, 0x1149ff98, 0x114a0000)
  to   space 17472K,   0% used [0x0f280000, 0x0f280000, 0x10390000)
 tenured generation   total 349568K, used 349568K [0x114a0000, 0x26a00000, 0x26a00000)
   the space 349568K, 100% used [0x114a0000, 0x26a00000, 0x26a00000, 0x26a00000)
 Metaspace       used 19182K, capacity 19618K, committed 19840K, reserved 19840K
}
Event: 2569.147 GC heap before
{Heap before GC invocations=162 (full 100):
 def new generation   total 157248K, used 157244K [0x06a00000, 0x114a0000, 0x114a0000)
  eden space 139776K,  99% used [0x06a00000, 0x0f27f230, 0x0f280000)
  from space 17472K,  99% used [0x10390000, 0x1149ff98, 0x114a0000)
  to   space 17472K,   0% used [0x0f280000, 0x0f280000, 0x10390000)
 tenured generation   total 349568K, used 349568K [0x114a0000, 0x26a00000, 0x26a00000)
   the space 349568K, 100% used [0x114a0000, 0x26a00000, 0x26a00000, 0x26a00000)
 Metaspace       used 19182K, capacity 19618K, committed 19840K, reserved 19840K
Event: 2570.528 GC heap after
Heap after GC invocations=163 (full 101):
 def new generation   total 157248K, used 157232K [0x06a00000, 0x114a0000, 0x114a0000)
  eden space 139776K,  99% used [0x06a00000, 0x0f27c3c0, 0x0f280000)
  from space 17472K,  99% used [0x10390000, 0x1149ff30, 0x114a0000)
  to   space 17472K,   0% used [0x0f280000, 0x0f280000, 0x10390000)
 tenured generation   total 349568K, used 349568K [0x114a0000, 0x26a00000, 0x26a00000)
   the space 349568K, 100% used [0x114a0000, 0x26a00000, 0x26a00000, 0x26a00000)
 Metaspace       used 19182K, capacity 19618K, committed 19840K, reserved 19840K
}
Event: 2570.528 GC heap before
{Heap before GC invocations=163 (full 101):
 def new generation   total 157248K, used 157232K [0x06a00000, 0x114a0000, 0x114a0000)
  eden space 139776K,  99% used [0x06a00000, 0x0f27c3c0, 0x0f280000)
  from space 17472K,  99% used [0x10390000, 0x1149ff30, 0x114a0000)
  to   space 17472K,   0% used [0x0f280000, 0x0f280000, 0x10390000)
 tenured generation   total 349568K, used 349568K [0x114a0000, 0x26a00000, 0x26a00000)
   the space 349568K, 100% used [0x114a0000, 0x26a00000, 0x26a00000, 0x26a00000)
 Metaspace       used 19182K, capacity 19618K, committed 19840K, reserved 19840K
Event: 2571.893 GC heap after
Heap after GC invocations=164 (full 102):
 def new generation   total 157248K, used 157232K [0x06a00000, 0x114a0000, 0x114a0000)
  eden space 139776K,  99% used [0x06a00000, 0x0f27c3c0, 0x0f280000)
  from space 17472K,  99% used [0x10390000, 0x1149ff30, 0x114a0000)
  to   space 17472K,   0% used [0x0f280000, 0x0f280000, 0x10390000)
 tenured generation   total 349568K, used 349568K [0x114a0000, 0x26a00000, 0x26a00000)
   the space 349568K, 100% used [0x114a0000, 0x26a00000, 0x26a00000, 0x26a00000)
 Metaspace       used 19182K, capacity 19618K, committed 19840K, reserved 19840K
}

